#
# A fatal error has been detected by the Java Runtime Environment:
#
#  EXCEPTION_ACCESS_VIOLATION (0xc0000005) at pc=0x0000000000000000, pid=7496, tid=9864
#
# JRE version: Java(TM) SE Runtime Environment (8.0_60-b27) (build 1.8.0_60-b27)
# Java VM: Java HotSpot(TM) 64-Bit Server VM (25.60-b23 mixed mode windows-amd64 compressed oops)
# Problematic frame:
# C  0x0000000000000000
#
# Failed to write core dump. Minidumps are not enabled by default on client versions of Windows
#
# If you would like to submit a bug report, please visit:
#   http://bugreport.java.com/bugreport/crash.jsp
# The crash happened outside the Java Virtual Machine in native code.
# See problematic frame for where to report the bug.
#

---------------  T H R E A D  ---------------

Current thread (0x00000000024e0800):  JavaThread "main" [_thread_in_native, id=9864, stack(0x00000000023e0000,0x00000000024e0000)]

siginfo: ExceptionCode=0xc0000005, ExceptionInformation=0x0000000000000008 0x0000000000000000

Registers:
RAX=0x0000000180004fb0, RBX=0x0000000020885430, RCX=0x0000000000000001, RDX=0x00000000024df428
RSP=0x00000000024df3d8, RBP=0x00000000024df478, RSI=0x0000000000000002, RDI=0x00000000025e7ced
R8 =0x0000000000000001, R9 =0x00000000023c7990, R10=0x00000000025f5848, R11=0x00000000555c9440
R12=0x0000000000000000, R13=0x0000000020885430, R14=0x00000000024df498, R15=0x00000000024e0800
RIP=0x0000000000000000, EFLAGS=0x0000000000010202

Top of Stack: (sp=0x00000000024df3d8)
0x00000000024df3d8:   0000000180004fc2 00000000024df800
0x00000000024df3e8:   00000000024e0800 0000000020885430
0x00000000024df3f8:   0000000000000002 00000000025e7ced
0x00000000024df408:   00000000025f5874 00000000024e0800
0x00000000024df418:   0000000020885430 0000000000000002
0x00000000024df428:   00000000024e0800 00000000025f55a2
0x00000000024df438:   00000000024df438 0000000020885430
0x00000000024df448:   00000000024df498 0000000020886738
0x00000000024df458:   0000000000000000 0000000020885430
0x00000000024df468:   0000000000000000 00000000024df498
0x00000000024df478:   00000000024df4e0 00000000025e7730
0x00000000024df488:   00000007408b4ec0 00000000025ef976
0x00000000024df498:   0000000000000001 00000000024df4a0
0x00000000024df4a8:   0000000020885389 00000000024df4f0
0x00000000024df4b8:   0000000020886738 0000000000000000
0x00000000024df4c8:   00000000208853a8 00000000024df498 

Instructions: (pc=0x0000000000000000)
0xffffffffffffffe0:   


Register to memory mapping:

RAX=0x0000000180004fb0 is an unknown value
RBX={method} {0x0000000020885438} 'nalGenBuffers2' '(I)I' in 'org/lwjgl/openal/AL10'
RCX=0x0000000000000001 is an unknown value
RDX=0x00000000024df428 is pointing into the stack for thread: 0x00000000024e0800
RSP=0x00000000024df3d8 is pointing into the stack for thread: 0x00000000024e0800
RBP=0x00000000024df478 is pointing into the stack for thread: 0x00000000024e0800
RSI=0x0000000000000002 is an unknown value
RDI=0x00000000025e7ced is at code_begin+2093 in an Interpreter codelet
invoke return entry points  [0x00000000025e74c0, 0x00000000025e7dc0]  2304 bytes
R8 =0x0000000000000001 is an unknown value
R9 =0x00000000023c7990 is an unknown value
R10=0x00000000025f5848 is at code_begin+840 in an Interpreter codelet
method entry point (kind = native)  [0x00000000025f5500, 0x00000000025f5e60]  2400 bytes
R11=0x00000000555c9440 is an unknown value
R12=0x0000000000000000 is an unknown value
R13={method} {0x0000000020885438} 'nalGenBuffers2' '(I)I' in 'org/lwjgl/openal/AL10'
R14=0x00000000024df498 is pointing into the stack for thread: 0x00000000024e0800
R15=0x00000000024e0800 is a thread


Stack: [0x00000000023e0000,0x00000000024e0000],  sp=0x00000000024df3d8,  free space=1020k
Native frames: (J=compiled Java code, j=interpreted, Vv=VM code, C=native code)

Java frames: (J=compiled Java code, j=interpreted, Vv=VM code)
j  org.lwjgl.openal.AL10.nalGenBuffers2(I)I+0
j  org.lwjgl.openal.AL10.alGenBuffers()I+1
j  myfirstgame.Game.initGame()V+13
j  myfirstgame.Myfirstgame.<init>()V+31
j  myfirstgame.Myfirstgame.main([Ljava/lang/String;)V+4
v  ~StubRoutines::call_stub

---------------  P R O C E S S  ---------------

Java Threads: ( => current thread )
  0x000000002250b000 JavaThread "Service Thread" daemon [_thread_blocked, id=11112, stack(0x0000000023eb0000,0x0000000023fb0000)]
  0x0000000022484000 JavaThread "C1 CompilerThread3" daemon [_thread_blocked, id=2648, stack(0x0000000023db0000,0x0000000023eb0000)]
  0x0000000022477800 JavaThread "C2 CompilerThread2" daemon [_thread_blocked, id=9828, stack(0x0000000023cb0000,0x0000000023db0000)]
  0x0000000022474000 JavaThread "C2 CompilerThread1" daemon [_thread_blocked, id=11988, stack(0x0000000023bb0000,0x0000000023cb0000)]
  0x000000002246d800 JavaThread "C2 CompilerThread0" daemon [_thread_blocked, id=12072, stack(0x0000000023ab0000,0x0000000023bb0000)]
  0x000000002246b000 JavaThread "Attach Listener" daemon [_thread_blocked, id=10548, stack(0x00000000239b0000,0x0000000023ab0000)]
  0x0000000022468000 JavaThread "Signal Dispatcher" daemon [_thread_blocked, id=2792, stack(0x00000000238b0000,0x00000000239b0000)]
  0x0000000020d7d000 JavaThread "Finalizer" daemon [_thread_blocked, id=9780, stack(0x00000000236d0000,0x00000000237d0000)]
  0x0000000020d7c000 JavaThread "Reference Handler" daemon [_thread_blocked, id=9620, stack(0x00000000235d0000,0x00000000236d0000)]
=>0x00000000024e0800 JavaThread "main" [_thread_in_native, id=9864, stack(0x00000000023e0000,0x00000000024e0000)]

Other Threads:
  0x0000000020d75800 VMThread [stack: 0x00000000234d0000,0x00000000235d0000] [id=9760]
  0x0000000022531000 WatcherThread [stack: 0x0000000023fb0000,0x00000000240b0000] [id=1492]

VM state:not at safepoint (normal execution)

VM Mutex/Monitor currently owned by a thread: None

Heap:
 PSYoungGen      total 114688K, used 8191K [0x0000000740100000, 0x0000000748100000, 0x00000007c0000000)
  eden space 98304K, 8% used [0x0000000740100000,0x00000007408fff18,0x0000000746100000)
  from space 16384K, 0% used [0x0000000747100000,0x0000000747100000,0x0000000748100000)
  to   space 16384K, 0% used [0x0000000746100000,0x0000000746100000,0x0000000747100000)
 ParOldGen       total 262144K, used 0K [0x0000000640200000, 0x0000000650200000, 0x0000000740100000)
  object space 262144K, 0% used [0x0000000640200000,0x0000000640200000,0x0000000650200000)
 Metaspace       used 4570K, capacity 5567K, committed 5632K, reserved 1056768K
  class space    used 438K, capacity 460K, committed 512K, reserved 1048576K

Card table byte_map: [0x00000000119a0000,0x00000000125a0000] byte_map_base: 0x000000000e79f000

Marking Bits: (ParMarkBitMap*) 0x0000000055baa5b0
 Begin Bits: [0x00000000137a0000, 0x0000000019798000)
 End Bits:   [0x0000000019798000, 0x000000001f790000)

Polling page: 0x0000000000a70000

CodeCache: size=245760Kb used=1554Kb max_used=1554Kb free=244205Kb
 bounds [0x00000000025e0000, 0x0000000002850000, 0x00000000115e0000]
 total_blobs=568 nmethods=230 adapters=252
 compilation: enabled

Compilation events (10 events):
Event: 1.952 Thread 0x0000000022484000  226       3       java.lang.CharacterDataLatin1::toUpperCaseEx (71 bytes)
Event: 1.952 Thread 0x0000000022484000 nmethod 226 0x000000000275c7d0 code [0x000000000275c940, 0x000000000275cbf0]
Event: 1.952 Thread 0x0000000022484000  227       1       java.lang.CharacterDataLatin1::getProperties (11 bytes)
Event: 1.952 Thread 0x0000000022484000 nmethod 227 0x0000000002762a10 code [0x0000000002762b60, 0x0000000002762cb0]
Event: 1.958 Thread 0x0000000022484000  228       1       java.nio.Buffer::limit (5 bytes)
Event: 1.958 Thread 0x0000000022484000 nmethod 228 0x00000000027631d0 code [0x0000000002763320, 0x0000000002763430]
Event: 1.968 Thread 0x0000000022484000  229       3       java.io.WinNTFileSystem::normalize (143 bytes)
Event: 1.969 Thread 0x0000000022484000 nmethod 229 0x0000000002763490 code [0x0000000002763680, 0x0000000002763ea8]
Event: 1.975 Thread 0x0000000022484000  230   !   3       sun.misc.URLClassPath$JarLoader::ensureOpen (32 bytes)
Event: 1.976 Thread 0x0000000022484000 nmethod 230 0x0000000002764250 code [0x00000000027643e0, 0x0000000002764808]

GC Heap History (0 events):
No events

Deoptimization events (0 events):
No events

Internal exceptions (6 events):
Event: 0.070 Thread 0x00000000024e0800 Exception <a 'java/lang/NoSuchMethodError': Method sun.misc.Unsafe.defineClass(Ljava/lang/String;[BII)Ljava/lang/Class; name or signature does not match> (0x000000074010cee8) thrown at [C:\re\workspace\8-2-build-windows-amd64-cygwin\jdk8u60\4407\hotspot\sr™³*,k
Event: 0.070 Thread 0x00000000024e0800 Exception <a 'java/lang/NoSuchMethodError': Method sun.misc.Unsafe.prefetchRead(Ljava/lang/Object;J)V name or signature does not match> (0x000000074010d1d0) thrown at [C:\re\workspace\8-2-build-windows-amd64-cygwin\jdk8u60\4407\hotspot\src\share\vm\prims\jÔdšPÿ?
Event: 1.957 Thread 0x00000000024e0800 Exception <a 'java/security/PrivilegedActionException'> (0x00000007408971d8) thrown at [C:\re\workspace\8-2-build-windows-amd64-cygwin\jdk8u60\4407\hotspot\src\share\vm\prims\jvm.cpp, line 1386]
Event: 1.957 Thread 0x00000000024e0800 Exception <a 'java/security/PrivilegedActionException'> (0x00000007408973e8) thrown at [C:\re\workspace\8-2-build-windows-amd64-cygwin\jdk8u60\4407\hotspot\src\share\vm\prims\jvm.cpp, line 1386]
Event: 1.958 Thread 0x00000000024e0800 Exception <a 'java/security/PrivilegedActionException'> (0x000000074089b418) thrown at [C:\re\workspace\8-2-build-windows-amd64-cygwin\jdk8u60\4407\hotspot\src\share\vm\prims\jvm.cpp, line 1386]
Event: 1.958 Thread 0x00000000024e0800 Exception <a 'java/security/PrivilegedActionException'> (0x000000074089b628) thrown at [C:\re\workspace\8-2-build-windows-amd64-cygwin\jdk8u60\4407\hotspot\src\share\vm\prims\jvm.cpp, line 1386]

Events (10 events):
Event: 1.985 loading class javax/sound/sampled/UnsupportedAudioFileException
Event: 1.985 loading class javax/sound/sampled/UnsupportedAudioFileException done
Event: 1.985 loading class java/lang/Throwable$WrappedPrintStream
Event: 1.986 loading class java/lang/Throwable$PrintStreamOrWriter
Event: 1.986 loading class java/lang/Throwable$PrintStreamOrWriter done
Event: 1.986 loading class java/lang/Throwable$WrappedPrintStream done
Event: 1.986 loading class java/util/IdentityHashMap$KeySet
Event: 1.986 loading class java/util/IdentityHashMap$KeySet done
Event: 1.986 loading class org/lwjgl/openal/AL10
Event: 1.986 loading class org/lwjgl/openal/AL10 done


Dynamic libraries:
0x00007ff70b6f0000 - 0x00007ff70b727000 	C:\Program Files\Java\jdk1.8.0_60\bin\java.exe
0x00007ffc2dfc0000 - 0x00007ffc2e181000 	C:\WINDOWS\SYSTEM32\ntdll.dll
0x00007ffc2d9a0000 - 0x00007ffc2da4d000 	C:\WINDOWS\system32\KERNEL32.DLL
0x00007ffc2b110000 - 0x00007ffc2b2ed000 	C:\WINDOWS\system32\KERNELBASE.dll
0x00007ffc2d8f0000 - 0x00007ffc2d996000 	C:\WINDOWS\system32\ADVAPI32.dll
0x00007ffc2dc70000 - 0x00007ffc2dd0d000 	C:\WINDOWS\system32\msvcrt.dll
0x00007ffc2d890000 - 0x00007ffc2d8eb000 	C:\WINDOWS\system32\sechost.dll
0x00007ffc2d4d0000 - 0x00007ffc2d5f6000 	C:\WINDOWS\system32\RPCRT4.dll
0x00007ffc2de70000 - 0x00007ffc2dfbe000 	C:\WINDOWS\system32\USER32.dll
0x00007ffc2b980000 - 0x00007ffc2bb06000 	C:\WINDOWS\system32\GDI32.dll
0x00007ffc22530000 - 0x00007ffc227a4000 	C:\WINDOWS\WinSxS\amd64_microsoft.windows.common-controls_6595b64144ccf1df_6.0.10240.16384_none_f41f7b285750ef43\COMCTL32.dll
0x00007ffc2bb10000 - 0x00007ffc2bb46000 	C:\WINDOWS\system32\IMM32.DLL
0x00007ffc2db10000 - 0x00007ffc2dc6c000 	C:\WINDOWS\system32\MSCTF.dll
0x00000000552c0000 - 0x0000000055392000 	C:\Program Files\Java\jdk1.8.0_60\jre\bin\msvcr100.dll
0x00000000553a0000 - 0x0000000055c29000 	C:\Program Files\Java\jdk1.8.0_60\jre\bin\server\jvm.dll
0x00007ffc2de60000 - 0x00007ffc2de68000 	C:\WINDOWS\system32\PSAPI.DLL
0x00007ffc1e040000 - 0x00007ffc1e049000 	C:\WINDOWS\SYSTEM32\WSOCK32.dll
0x00007ffc28a70000 - 0x00007ffc28a93000 	C:\WINDOWS\SYSTEM32\WINMM.dll
0x00007ffc26d60000 - 0x00007ffc26d6a000 	C:\WINDOWS\SYSTEM32\VERSION.dll
0x00007ffc2b910000 - 0x00007ffc2b979000 	C:\WINDOWS\system32\WS2_32.dll
0x00007ffc2be70000 - 0x00007ffc2be78000 	C:\WINDOWS\system32\NSI.dll
0x00007ffc289e0000 - 0x00007ffc28a0c000 	C:\WINDOWS\SYSTEM32\WINMMBASE.dll
0x00007ffc2aa90000 - 0x00007ffc2aad4000 	C:\WINDOWS\system32\cfgmgr32.dll
0x00007ffc29360000 - 0x00007ffc29387000 	C:\WINDOWS\SYSTEM32\DEVOBJ.dll
0x00000000552b0000 - 0x00000000552bf000 	C:\Program Files\Java\jdk1.8.0_60\jre\bin\verify.dll
0x0000000055280000 - 0x00000000552a9000 	C:\Program Files\Java\jdk1.8.0_60\jre\bin\java.dll
0x0000000055260000 - 0x0000000055276000 	C:\Program Files\Java\jdk1.8.0_60\jre\bin\zip.dll
0x00007ffc2be80000 - 0x00007ffc2d3a2000 	C:\WINDOWS\system32\SHELL32.dll
0x00007ffc2aae0000 - 0x00007ffc2b108000 	C:\WINDOWS\system32\windows.storage.dll
0x00007ffc2b690000 - 0x00007ffc2b90c000 	C:\WINDOWS\system32\combase.dll
0x00007ffc2bd20000 - 0x00007ffc2bd71000 	C:\WINDOWS\system32\shlwapi.dll
0x00007ffc2aa60000 - 0x00007ffc2aa6f000 	C:\WINDOWS\system32\kernel.appcore.dll
0x00007ffc2b3a0000 - 0x00007ffc2b453000 	C:\WINDOWS\system32\shcore.dll
0x00007ffc2aa10000 - 0x00007ffc2aa5a000 	C:\WINDOWS\system32\powrprof.dll
0x00007ffc2aa70000 - 0x00007ffc2aa83000 	C:\WINDOWS\system32\profapi.dll
0x0000000180000000 - 0x0000000180053000 	D:\LWJGL\lwjgl-2.9.3\native\windows\lwjgl64.dll
0x00007ffc04140000 - 0x00007ffc04268000 	C:\WINDOWS\SYSTEM32\OPENGL32.dll
0x00007ffc1a460000 - 0x00007ffc1a48e000 	C:\WINDOWS\SYSTEM32\GLU32.dll
0x00007ffc04040000 - 0x00007ffc04136000 	C:\WINDOWS\SYSTEM32\DDRAW.dll
0x00007ffc20bb0000 - 0x00007ffc20bb8000 	C:\WINDOWS\SYSTEM32\DCIMAN32.dll
0x00007ffc292c0000 - 0x00007ffc29356000 	C:\WINDOWS\system32\uxtheme.dll
0x00007ffc02420000 - 0x00007ffc0247d000 	C:\Program Files (x86)\Overwolf\0.90.220.0\x64\OWExplorer.dll
0x00007ffc2dd10000 - 0x00007ffc2de51000 	C:\WINDOWS\system32\ole32.dll
0x00007ffc0d450000 - 0x00007ffc0d5da000 	C:\WINDOWS\SYSTEM32\dbghelp.dll
0x00007ffc0d300000 - 0x00007ffc0d325000 	C:\WINDOWS\SYSTEM32\dbgcore.DLL
0x0000000053a10000 - 0x0000000054f8e000 	C:\WINDOWS\SYSTEM32\nvoglv64.DLL
0x00007ffc2bb50000 - 0x00007ffc2bd15000 	C:\WINDOWS\system32\SETUPAPI.dll
0x00007ffc28c60000 - 0x00007ffc28c73000 	C:\WINDOWS\SYSTEM32\WTSAPI32.dll
0x00007ffc2b630000 - 0x00007ffc2b684000 	C:\WINDOWS\system32\WINTRUST.dll
0x00007ffc2a9f0000 - 0x00007ffc2aa01000 	C:\WINDOWS\system32\MSASN1.dll
0x00007ffc2b460000 - 0x00007ffc2b621000 	C:\WINDOWS\system32\CRYPT32.dll
0x00007ffc29d90000 - 0x00007ffc29dc2000 	C:\WINDOWS\SYSTEM32\ntmarta.dll
0x00007ffc283f0000 - 0x00007ffc28412000 	C:\WINDOWS\system32\dwmapi.dll
0x00007ffc29b90000 - 0x00007ffc29be8000 	C:\WINDOWS\SYSTEM32\WINSTA.dll
0x00007ffc2a840000 - 0x00007ffc2a8ab000 	C:\WINDOWS\SYSTEM32\bcryptPrimitives.dll
0x00007ffc227b0000 - 0x00007ffc22841000 	C:\WINDOWS\SYSTEM32\mscms.dll
0x00007ffc2a000000 - 0x00007ffc2a01f000 	C:\WINDOWS\SYSTEM32\USERENV.dll
0x00007ffc13c00000 - 0x00007ffc13c42000 	C:\WINDOWS\SYSTEM32\icm32.dll

VM Arguments:
jvm_args: -Dfile.encoding=UTF-8 -Djava.library.path=D:\LWJGL\lwjgl-2.9.3\native\windows 
java_command: myfirstgame.Myfirstgame
java_class_path (initial): D:\LWJGL\lwjgl-2.9.3\jar\jinput.jar;D:\LWJGL\lwjgl-2.9.3\jar\lwjgl.jar;D:\LWJGL\lwjgl-2.9.3\jar\lwjgl_util.jar;D:\Slick-Util\slick-util.jar;C:\Users\Anon\Documents\NetBeansProjects\Myfirstgame\build\classes
Launcher Type: SUN_STANDARD

Environment Variables:
PATH=C:\ProgramData\Oracle\Java\javapath;C:\Windows\system32;C:\Windows;C:\Windows\System32\Wbem;C:\Windows\System32\WindowsPowerShell\v1.0\;C:\Program Files (x86)\NVIDIA Corporation\PhysX\Common;C:\WINDOWS\system32;C:\WINDOWS;C:\WINDOWS\System32\Wbem;C:\WINDOWS\System32\WindowsPowerShell\v1.0\;C:\Program Files\Java\jdk1.8.0_60\bin\javac;C:\Program Files (x86)\Skype\Phone\;C:\ProgramData\Oracle\Java\javapath;C:\Windows\system32;C:\Windows;C:\Windows\System32\Wbem;C:\Windows\System32\WindowsPowerShell\v1.0\;C:\Program Files (x86)\NVIDIA Corporation\PhysX\Common;C:\WINDOWS\system32;C:\WINDOWS;C:\WINDOWS\System32\Wbem;C:\WINDOWS\System32\WindowsPowerShell\v1.0\;C:\Program Files\Java\jdk1.8.0_60\bin\javac;C:\Program Files (x86)\Skype\Phone\;C:\Python27
USERNAME=Anon
OS=Windows_NT
PROCESSOR_IDENTIFIER=Intel64 Family 6 Model 44 Stepping 2, GenuineIntel



---------------  S Y S T E M  ---------------

OS: Windows 10.0 , 64 bit Build 10240 (10.0.10240.16384)

CPU:total 12 (6 cores per cpu, 2 threads per core) family 6 model 44 stepping 2, cmov, cx8, fxsr, mmx, sse, sse2, sse3, ssse3, sse4.1, sse4.2, popcnt, aes, clmul, ht, tsc, tscinvbit, tscinv

Memory: 4k page, physical 25156724k(18884608k free), swap 28826740k(20058652k free)

vm_info: Java HotSpot(TM) 64-Bit Server VM (25.60-b23) for windows-amd64 JRE (1.8.0_60-b27), built on Aug  4 2015 11:06:27 by "java_re" with MS VC++ 10.0 (VS2010)

time: Wed Dec 23 00:03:50 2015
elapsed time: 2 seconds (0d 0h 0m 2s)

